
**** Build of configuration Nios II for project freertos_test ****

make all 
Info: Building ../freertos_test_bsp/
make --no-print-directory -C ../freertos_test_bsp/
[BSP build complete]
Info: Compiling FreeRTOS/croutine.c to obj/FreeRTOS/croutine.o
nios2-elf-gcc -xc -MP -MMD -c -I../freertos_test_bsp//HAL/inc -I../freertos_test_bsp/ -I../freertos_test_bsp//drivers/inc  -DSYSTEM_BUS_WIDTH=32 -pipe -D__hal__ -DALT_NO_INSTRUCTION_EMULATION -DALT_SINGLE_THREADED    -O0 -g -Wall   -EL -mhw-div -mhw-mul -mno-hw-mulx  -o obj/FreeRTOS/croutine.o FreeRTOS/croutine.c
Info: Compiling FreeRTOS/heap.c to obj/FreeRTOS/heap.o
nios2-elf-gcc -xc -MP -MMD -c -I../freertos_test_bsp//HAL/inc -I../freertos_test_bsp/ -I../freertos_test_bsp//drivers/inc  -DSYSTEM_BUS_WIDTH=32 -pipe -D__hal__ -DALT_NO_INSTRUCTION_EMULATION -DALT_SINGLE_THREADED    -O0 -g -Wall   -EL -mhw-div -mhw-mul -mno-hw-mulx  -o obj/FreeRTOS/heap.o FreeRTOS/heap.c
Info: Compiling FreeRTOS/list.c to obj/FreeRTOS/list.o
nios2-elf-gcc -xc -MP -MMD -c -I../freertos_test_bsp//HAL/inc -I../freertos_test_bsp/ -I../freertos_test_bsp//drivers/inc  -DSYSTEM_BUS_WIDTH=32 -pipe -D__hal__ -DALT_NO_INSTRUCTION_EMULATION -DALT_SINGLE_THREADED    -O0 -g -Wall   -EL -mhw-div -mhw-mul -mno-hw-mulx  -o obj/FreeRTOS/list.o FreeRTOS/list.c
Info: Compiling FreeRTOS/port.c to obj/FreeRTOS/port.o
nios2-elf-gcc -xc -MP -MMD -c -I../freertos_test_bsp//HAL/inc -I../freertos_test_bsp/ -I../freertos_test_bsp//drivers/inc  -DSYSTEM_BUS_WIDTH=32 -pipe -D__hal__ -DALT_NO_INSTRUCTION_EMULATION -DALT_SINGLE_THREADED    -O0 -g -Wall   -EL -mhw-div -mhw-mul -mno-hw-mulx  -o obj/FreeRTOS/port.o FreeRTOS/port.c
FreeRTOS/port.c:90:1: warning: "configTICK_RATE_HZ" redefined
Info: Compiling FreeRTOS/queue.c to obj/FreeRTOS/queue.o
In file included from FreeRTOS/FreeRTOS.h:98,
nios2-elf-gcc -xc -MP -MMD -c -I../freertos_test_bsp//HAL/inc -I../freertos_test_bsp/ -I../freertos_test_bsp//drivers/inc  -DSYSTEM_BUS_WIDTH=32 -pipe -D__hal__ -DALT_NO_INSTRUCTION_EMULATION -DALT_SINGLE_THREADED    -O0 -g -Wall   -EL -mhw-div -mhw-mul -mno-hw-mulx  -o obj/FreeRTOS/queue.o FreeRTOS/queue.c
                 from FreeRTOS/port.c:84:
Info: Compiling FreeRTOS/tasks.c to obj/FreeRTOS/tasks.o
FreeRTOS/FreeRTOSConfig.h:97:1: warning: this is the location of the previous definition
nios2-elf-gcc -xc -MP -MMD -c -I../freertos_test_bsp//HAL/inc -I../freertos_test_bsp/ -I../freertos_test_bsp//drivers/inc  -DSYSTEM_BUS_WIDTH=32 -pipe -D__hal__ -DALT_NO_INSTRUCTION_EMULATION -DALT_SINGLE_THREADED    -O0 -g -Wall   -EL -mhw-div -mhw-mul -mno-hw-mulx  -o obj/FreeRTOS/tasks.o FreeRTOS/tasks.c
FreeRTOS/port.c:91:1: warning: "configCPU_CLOCK_HZ" redefined
Info: Compiling FreeRTOS/timers.c to obj/FreeRTOS/timers.o
FreeRTOS/FreeRTOSConfig.h:98:1: warning: this is the location of the previous definition
FreeRTOS/port.c: In function 'vApplicationStackOverflowHook':
nios2-elf-gcc -xc -MP -MMD -c -I../freertos_test_bsp//HAL/inc -I../freertos_test_bsp/ -I../freertos_test_bsp//drivers/inc  -DSYSTEM_BUS_WIDTH=32 -pipe -D__hal__ -DALT_NO_INSTRUCTION_EMULATION -DALT_SINGLE_THREADED    -O0 -g -Wall   -EL -mhw-div -mhw-mul -mno-hw-mulx  -o obj/FreeRTOS/timers.o FreeRTOS/timers.c
FreeRTOS/port.c:96: warning: implicit declaration of function 'printf'
Info: Compiling freertos_test.c to obj/freertos_test.o
FreeRTOS/port.c:96: warning: incompatible implicit declaration of built-in function 'printf'
nios2-elf-gcc -xc -MP -MMD -c -I../freertos_test_bsp//HAL/inc -I../freertos_test_bsp/ -I../freertos_test_bsp//drivers/inc  -DSYSTEM_BUS_WIDTH=32 -pipe -D__hal__ -DALT_NO_INSTRUCTION_EMULATION -DALT_SINGLE_THREADED    -O0 -g -Wall   -EL -mhw-div -mhw-mul -mno-hw-mulx  -o obj/freertos_test.o freertos_test.c
freertos_test.c: In function 'ROC_Calculation_Task':
Info: Assembling FreeRTOS/port_asm.S to obj/FreeRTOS/port_asm.o
freertos_test.c:107: warning: operation on 'freq_idx' may be undefined
nios2-elf-gcc -MP -MMD -c -I../freertos_test_bsp//HAL/inc -I../freertos_test_bsp/ -I../freertos_test_bsp//drivers/inc  -DSYSTEM_BUS_WIDTH=32 -pipe -D__hal__ -DALT_NO_INSTRUCTION_EMULATION -DALT_SINGLE_THREADED    -O0 -g -Wall   -EL -mhw-div -mhw-mul -mno-hw-mulx  -Wa,-I../freertos_test_bsp//HAL/inc -Wa,-I../freertos_test_bsp/ -Wa,-I../freertos_test_bsp//drivers/inc -Wa,-gdwarf2 -o obj/FreeRTOS/port_asm.o FreeRTOS/port_asm.S
Info: Linking freertos_test.elf
nios2-elf-g++  -T'../freertos_test_bsp//linker.x' -msys-crt0='../freertos_test_bsp//obj/HAL/src/crt0.o' -msys-lib=hal_bsp -L../freertos_test_bsp/   -Wl,-Map=freertos_test.map   -O0 -g -Wall   -EL -mhw-div -mhw-mul -mno-hw-mulx  -o freertos_test.elf obj/FreeRTOS/croutine.o obj/FreeRTOS/heap.o obj/FreeRTOS/list.o obj/FreeRTOS/port.o obj/FreeRTOS/queue.o obj/FreeRTOS/tasks.o obj/FreeRTOS/timers.o obj/freertos_test.o obj/FreeRTOS/port_asm.o -lm 
nios2-elf-insert freertos_test.elf --thread_model hal --cpu_name nios2 --qsys true --simulation_enabled false --id 7 --sidp 0x430f0 --timestamp 1393900972 --stderr_dev jtag_uart --stdin_dev jtag_uart --stdout_dev jtag_uart --sopc_system_name nios2 --quartus_project_dir "E:/Documents/cs723-assignment1"
Info: (freertos_test.elf) 607 KBytes program size (code + initialized data).
Info:                     130559 KBytes free for stack + heap.
Info: Creating freertos_test.objdump
nios2-elf-objdump --disassemble --syms --all-header --source freertos_test.elf >freertos_test.objdump
[freertos_test build complete]

**** Build Finished ****

**** Build of configuration Nios II for project freertos_test ****

make all 
Info: Building ../freertos_test_bsp/
make --no-print-directory -C ../freertos_test_bsp/
[BSP build complete]
[freertos_test build complete]

**** Build Finished ****

**** Build of configuration Nios II for project freertos_test ****

make all 
Info: Building ../freertos_test_bsp/
make --no-print-directory -C ../freertos_test_bsp/
[BSP build complete]
[freertos_test build complete]

**** Build Finished ****
